<?xml version="1.0" encoding="UTF-8"?>
<testsuite xmlns:xsi="http://www.w3.org/2001/XMLSchema-instance" xsi:noNamespaceSchemaLocation="https://maven.apache.org/surefire/maven-surefire-plugin/xsd/surefire-test-report-3.0.xsd" version="3.0" name="Create events by clicking on Event tab under Activity Stream." time="0.27" tests="4" errors="0" skipped="0" failures="0">
  <properties>
[...]
</properties>
  <testcase name="add Event start and ending date and time" classname="Create events by clicking on Event tab under Activity Stream." time="0.197">
    <system-out><![CDATA[Haz 30, 2022 2:33:44 ÖS net.masterthought.cucumber.ReportParser parseJsonFiles
INFO: File '/var/folders/pp/mbs3qwk13md_07s33rx5zzdr0000gn/T/cucumber15324363814113094477.json' contains 1 features

]]></system-out>
  </testcase>
  <testcase name="set reminder" classname="Create events by clicking on Event tab under Activity Stream." time="0.035"/>
  <testcase name="select the Event Location from the dropdown." classname="Create events by clicking on Event tab under Activity Stream." time="0.021"/>
  <testcase name="" classname="Create events by clicking on Event tab under Activity Stream." time="0.017"/>
</testsuite>